[2025-08-17 19:18:42] Сообщение клиента:  Лена
[2025-08-17 19:18:42] Сообщение от Сервер: Клиент  Лена присоединился(лась) к чату
[2025-08-17 19:18:42] Сервер: Клиент  Лена присоединился(лась) к чату
[2025-08-17 19:18:59] Сообщение клиента: Привет серверу
[2025-08-17 19:18:59]  Лена: Привет серверу
[2025-08-17 19:19:10] Сервер: Привет Лене от сервера
[2025-08-17 19:19:10] Сообщение от Сервер: Привет Лене от сервера
[2025-08-17 19:19:56] Сервер: Клиент  Лена покинул(а) чат
[2025-08-17 21:37:22] Сервер: Введите свое имя:
[2025-08-17 21:37:28] Клиент: Таня
[2025-08-17 21:37:28] Сообщение от Сервер: Клиент Таня присоединился(лась) к чату
[2025-08-17 21:37:28] Сервер: Клиент Таня присоединился(лась) к чату
[2025-08-17 21:39:25] Клиент: Привет всем
[2025-08-17 21:39:25] Таня: Привет всем
[2025-08-17 21:39:35] Сервер: Привет, Таня!
[2025-08-17 21:39:35] Сообщение от Сервер: Привет, Таня!
[2025-08-25 16:55:57] Сервер: Введите свое имя:
[2025-08-25 16:56:06] Клиент: Yana
[2025-08-25 16:56:06] Сообщение от Сервер: Клиент Yana присоединился(лась) к чату
[2025-08-25 16:56:06] Сервер: Клиент Yana присоединился(лась) к чату
[2025-08-25 16:56:59] Клиент: Привет серверу и народу от Яны!
[2025-08-25 16:56:59] Yana: Привет серверу и народу от Яны!
[2025-08-25 16:57:12] Сервер: Яна, привет от сервера!
[2025-08-25 16:57:12] Сообщение от Сервер: Яна, привет от сервера!
[2025-08-25 16:57:23] Сервер: Клиент Yana покинул(а) чат
[2025-08-25 23:46:33] Сервер: Введите свое имя:
[2025-08-25 23:46:43] Клиент: Vanda
[2025-08-25 23:46:43] Сообщение от Сервер: Клиент Vanda присоединился(лась) к чату
[2025-08-25 23:46:43] Сервер: Клиент Vanda присоединился(лась) к чату
[2025-08-25 23:46:56] Клиент: Привет!
[2025-08-25 23:46:56] Vanda: Привет!
[2025-08-25 23:47:08] Сервер: Привет, Ванда!
[2025-08-25 23:47:08] Сообщение от Сервер: Привет, Ванда!
[2025-08-25 23:59:24] Сервер: Клиент Alice присоединился(лась) к чату
[2025-08-25 23:59:24] Alice: Hello from Alice
[2025-08-25 23:59:24] Сервер: Клиент Alice покинул(а) чат
[2025-08-25 23:59:25] Сервер: Клиент telnet присоединился(лась) к чату
[2025-08-25 23:59:25] telnet: Hello from telnet
[2025-08-25 23:59:25] Сервер: Клиент Client1 присоединился(лась) к чату
[2025-08-25 23:59:25] Сервер: Клиент Client2 присоединился(лась) к чату
[2025-08-25 23:59:25] Client1: Hi from Client1
[2025-08-25 23:59:25] Сервер: Клиент Client2 покинул(а) чат
[2025-08-25 23:59:25] Сервер: Клиент Client1 покинул(а) чат
[2025-08-26 00:02:47] Сервер: Введите свое имя:
[2025-08-26 00:02:53] Клиент: Лина
[2025-08-26 00:02:53] Сообщение от Сервер: Клиент Лина присоединился(лась) к чату
[2025-08-26 00:02:53] Сервер: Клиент Лина присоединился(лась) к чату
[2025-08-26 00:02:59] Клиент: Привет серверу
[2025-08-26 00:02:59] Лина: Привет серверу
[2025-08-26 00:03:10] Сервер: Привет Лине!
[2025-08-26 00:03:10] Сообщение от Сервер: Привет Лине!
[2025-08-26 00:03:19] Сервер: Клиент Лина покинул(а) чат
